[chat-service] Installing dependencies...
bun install v1.3.10 (30e609e0)

+ @types/jsonwebtoken@9.0.10
+ prisma@6.19.2
+ typescript@5.9.3
+ @prisma/client@6.19.2
+ jsonwebtoken@9.0.3
+ socket.io@4.8.3

74 packages installed [2.95s]
[chat-service] Running bun run dev...
$ bun --hot index.ts
38 | var clientVersion = version;
39 | 
40 | // src/scripts/default-index.ts
41 | var PrismaClient = class {
42 |   constructor() {
43 |     throw new Error('@prisma/client did not initialize yet. Please run "prisma generate" and try to import it again.');
                   ^
error: @prisma/client did not initialize yet. Please run "prisma generate" and try to import it again.
      at new PrismaClient (/home/z/my-project/mini-services/chat-service/node_modules/.prisma/client/default.js:43:15)
      at /home/z/my-project/mini-services/chat-service/index.ts:20:16
      at loadAndEvaluateModule (2:1)
